<?xml version="1.0" encoding="UTF-8"?>
<testsuite xmlns:xsi="http://www.w3.org/2001/XMLSchema-instance" xsi:noNamespaceSchemaLocation="https://maven.apache.org/surefire/maven-surefire-plugin/xsd/surefire-test-report-3.0.xsd" version="3.0" name="com.atividadeTestes1.atividadeTestes1.AtividadeTestes1ApplicationTests" time="5.801" tests="8" errors="0" skipped="0" failures="0">
  <properties>
    <property name="java.specification.version" value="17"/>
    <property name="sun.jnu.encoding" value="UTF-8"/>
    <property name="java.class.path" value="/home/flpwnix/projects/4periodo/atividadeTestes1/atividadeTestes1/target/test-classes:/home/flpwnix/projects/4periodo/atividadeTestes1/atividadeTestes1/target/classes:/home/flpwnix/.m2/repository/org/springframework/boot/spring-boot-starter-web/3.3.3/spring-boot-starter-web-3.3.3.jar:/home/flpwnix/.m2/repository/org/springframework/boot/spring-boot-starter/3.3.3/spring-boot-starter-3.3.3.jar:/home/flpwnix/.m2/repository/org/springframework/boot/spring-boot/3.3.3/spring-boot-3.3.3.jar:/home/flpwnix/.m2/repository/org/springframework/boot/spring-boot-autoconfigure/3.3.3/spring-boot-autoconfigure-3.3.3.jar:/home/flpwnix/.m2/repository/org/springframework/boot/spring-boot-starter-logging/3.3.3/spring-boot-starter-logging-3.3.3.jar:/home/flpwnix/.m2/repository/ch/qos/logback/logback-classic/1.5.7/logback-classic-1.5.7.jar:/home/flpwnix/.m2/repository/ch/qos/logback/logback-core/1.5.7/logback-core-1.5.7.jar:/home/flpwnix/.m2/repository/org/apache/logging/log4j/log4j-to-slf4j/2.23.1/log4j-to-slf4j-2.23.1.jar:/home/flpwnix/.m2/repository/org/apache/logging/log4j/log4j-api/2.23.1/log4j-api-2.23.1.jar:/home/flpwnix/.m2/repository/org/slf4j/jul-to-slf4j/2.0.16/jul-to-slf4j-2.0.16.jar:/home/flpwnix/.m2/repository/jakarta/annotation/jakarta.annotation-api/2.1.1/jakarta.annotation-api-2.1.1.jar:/home/flpwnix/.m2/repository/org/yaml/snakeyaml/2.2/snakeyaml-2.2.jar:/home/flpwnix/.m2/repository/org/springframework/boot/spring-boot-starter-json/3.3.3/spring-boot-starter-json-3.3.3.jar:/home/flpwnix/.m2/repository/com/fasterxml/jackson/core/jackson-databind/2.17.2/jackson-databind-2.17.2.jar:/home/flpwnix/.m2/repository/com/fasterxml/jackson/core/jackson-annotations/2.17.2/jackson-annotations-2.17.2.jar:/home/flpwnix/.m2/repository/com/fasterxml/jackson/core/jackson-core/2.17.2/jackson-core-2.17.2.jar:/home/flpwnix/.m2/repository/com/fasterxml/jackson/datatype/jackson-datatype-jdk8/2.17.2/jackson-datatype-jdk8-2.17.2.jar:/home/flpwnix/.m2/repository/com/fasterxml/jackson/datatype/jackson-datatype-jsr310/2.17.2/jackson-datatype-jsr310-2.17.2.jar:/home/flpwnix/.m2/repository/com/fasterxml/jackson/module/jackson-module-parameter-names/2.17.2/jackson-module-parameter-names-2.17.2.jar:/home/flpwnix/.m2/repository/org/springframework/boot/spring-boot-starter-tomcat/3.3.3/spring-boot-starter-tomcat-3.3.3.jar:/home/flpwnix/.m2/repository/org/apache/tomcat/embed/tomcat-embed-core/10.1.28/tomcat-embed-core-10.1.28.jar:/home/flpwnix/.m2/repository/org/apache/tomcat/embed/tomcat-embed-el/10.1.28/tomcat-embed-el-10.1.28.jar:/home/flpwnix/.m2/repository/org/apache/tomcat/embed/tomcat-embed-websocket/10.1.28/tomcat-embed-websocket-10.1.28.jar:/home/flpwnix/.m2/repository/org/springframework/spring-web/6.1.12/spring-web-6.1.12.jar:/home/flpwnix/.m2/repository/org/springframework/spring-beans/6.1.12/spring-beans-6.1.12.jar:/home/flpwnix/.m2/repository/io/micrometer/micrometer-observation/1.13.3/micrometer-observation-1.13.3.jar:/home/flpwnix/.m2/repository/io/micrometer/micrometer-commons/1.13.3/micrometer-commons-1.13.3.jar:/home/flpwnix/.m2/repository/org/springframework/spring-webmvc/6.1.12/spring-webmvc-6.1.12.jar:/home/flpwnix/.m2/repository/org/springframework/spring-aop/6.1.12/spring-aop-6.1.12.jar:/home/flpwnix/.m2/repository/org/springframework/spring-context/6.1.12/spring-context-6.1.12.jar:/home/flpwnix/.m2/repository/org/springframework/spring-expression/6.1.12/spring-expression-6.1.12.jar:/home/flpwnix/.m2/repository/org/projectlombok/lombok/1.18.34/lombok-1.18.34.jar:/home/flpwnix/.m2/repository/org/springframework/boot/spring-boot-starter-test/3.3.3/spring-boot-starter-test-3.3.3.jar:/home/flpwnix/.m2/repository/org/springframework/boot/spring-boot-test/3.3.3/spring-boot-test-3.3.3.jar:/home/flpwnix/.m2/repository/org/springframework/boot/spring-boot-test-autoconfigure/3.3.3/spring-boot-test-autoconfigure-3.3.3.jar:/home/flpwnix/.m2/repository/com/jayway/jsonpath/json-path/2.9.0/json-path-2.9.0.jar:/home/flpwnix/.m2/repository/org/slf4j/slf4j-api/2.0.16/slf4j-api-2.0.16.jar:/home/flpwnix/.m2/repository/jakarta/xml/bind/jakarta.xml.bind-api/4.0.2/jakarta.xml.bind-api-4.0.2.jar:/home/flpwnix/.m2/repository/jakarta/activation/jakarta.activation-api/2.1.3/jakarta.activation-api-2.1.3.jar:/home/flpwnix/.m2/repository/net/minidev/json-smart/2.5.1/json-smart-2.5.1.jar:/home/flpwnix/.m2/repository/net/minidev/accessors-smart/2.5.1/accessors-smart-2.5.1.jar:/home/flpwnix/.m2/repository/org/ow2/asm/asm/9.6/asm-9.6.jar:/home/flpwnix/.m2/repository/org/assertj/assertj-core/3.25.3/assertj-core-3.25.3.jar:/home/flpwnix/.m2/repository/net/bytebuddy/byte-buddy/1.14.19/byte-buddy-1.14.19.jar:/home/flpwnix/.m2/repository/org/awaitility/awaitility/4.2.2/awaitility-4.2.2.jar:/home/flpwnix/.m2/repository/org/hamcrest/hamcrest/2.2/hamcrest-2.2.jar:/home/flpwnix/.m2/repository/org/junit/jupiter/junit-jupiter/5.10.3/junit-jupiter-5.10.3.jar:/home/flpwnix/.m2/repository/org/junit/jupiter/junit-jupiter-api/5.10.3/junit-jupiter-api-5.10.3.jar:/home/flpwnix/.m2/repository/org/opentest4j/opentest4j/1.3.0/opentest4j-1.3.0.jar:/home/flpwnix/.m2/repository/org/junit/platform/junit-platform-commons/1.10.3/junit-platform-commons-1.10.3.jar:/home/flpwnix/.m2/repository/org/apiguardian/apiguardian-api/1.1.2/apiguardian-api-1.1.2.jar:/home/flpwnix/.m2/repository/org/junit/jupiter/junit-jupiter-params/5.10.3/junit-jupiter-params-5.10.3.jar:/home/flpwnix/.m2/repository/org/junit/jupiter/junit-jupiter-engine/5.10.3/junit-jupiter-engine-5.10.3.jar:/home/flpwnix/.m2/repository/org/junit/platform/junit-platform-engine/1.10.3/junit-platform-engine-1.10.3.jar:/home/flpwnix/.m2/repository/org/mockito/mockito-core/5.11.0/mockito-core-5.11.0.jar:/home/flpwnix/.m2/repository/net/bytebuddy/byte-buddy-agent/1.14.19/byte-buddy-agent-1.14.19.jar:/home/flpwnix/.m2/repository/org/objenesis/objenesis/3.3/objenesis-3.3.jar:/home/flpwnix/.m2/repository/org/mockito/mockito-junit-jupiter/5.11.0/mockito-junit-jupiter-5.11.0.jar:/home/flpwnix/.m2/repository/org/skyscreamer/jsonassert/1.5.3/jsonassert-1.5.3.jar:/home/flpwnix/.m2/repository/com/vaadin/external/google/android-json/0.0.20131108.vaadin1/android-json-0.0.20131108.vaadin1.jar:/home/flpwnix/.m2/repository/org/springframework/spring-core/6.1.12/spring-core-6.1.12.jar:/home/flpwnix/.m2/repository/org/springframework/spring-jcl/6.1.12/spring-jcl-6.1.12.jar:/home/flpwnix/.m2/repository/org/springframework/spring-test/6.1.12/spring-test-6.1.12.jar:/home/flpwnix/.m2/repository/org/xmlunit/xmlunit-core/2.9.1/xmlunit-core-2.9.1.jar:"/>
    <property name="java.vm.vendor" value="JetBrains s.r.o."/>
    <property name="sun.arch.data.model" value="64"/>
    <property name="java.vendor.url" value="https://openjdk.java.net/"/>
    <property name="user.timezone" value="America/Sao_Paulo"/>
    <property name="os.name" value="Linux"/>
    <property name="java.vm.specification.version" value="17"/>
    <property name="sun.java.launcher" value="SUN_STANDARD"/>
    <property name="user.country" value="US"/>
    <property name="sun.boot.library.path" value="/nix/store/yr5065y6vcf380lh7zw982qm35pmlqy8-jetbrains-jdk-jcef-17.0.8-b1000.8/lib/openjdk/lib"/>
    <property name="sun.java.command" value="/home/flpwnix/projects/4periodo/atividadeTestes1/atividadeTestes1/target/surefire/surefirebooter-20240910232318276_3.jar /home/flpwnix/projects/4periodo/atividadeTestes1/atividadeTestes1/target/surefire 2024-09-10T23-23-18_127-jvmRun1 surefire-20240910232318276_1tmp surefire_0-20240910232318276_2tmp"/>
    <property name="jdk.debug" value="release"/>
    <property name="surefire.test.class.path" value="/home/flpwnix/projects/4periodo/atividadeTestes1/atividadeTestes1/target/test-classes:/home/flpwnix/projects/4periodo/atividadeTestes1/atividadeTestes1/target/classes:/home/flpwnix/.m2/repository/org/springframework/boot/spring-boot-starter-web/3.3.3/spring-boot-starter-web-3.3.3.jar:/home/flpwnix/.m2/repository/org/springframework/boot/spring-boot-starter/3.3.3/spring-boot-starter-3.3.3.jar:/home/flpwnix/.m2/repository/org/springframework/boot/spring-boot/3.3.3/spring-boot-3.3.3.jar:/home/flpwnix/.m2/repository/org/springframework/boot/spring-boot-autoconfigure/3.3.3/spring-boot-autoconfigure-3.3.3.jar:/home/flpwnix/.m2/repository/org/springframework/boot/spring-boot-starter-logging/3.3.3/spring-boot-starter-logging-3.3.3.jar:/home/flpwnix/.m2/repository/ch/qos/logback/logback-classic/1.5.7/logback-classic-1.5.7.jar:/home/flpwnix/.m2/repository/ch/qos/logback/logback-core/1.5.7/logback-core-1.5.7.jar:/home/flpwnix/.m2/repository/org/apache/logging/log4j/log4j-to-slf4j/2.23.1/log4j-to-slf4j-2.23.1.jar:/home/flpwnix/.m2/repository/org/apache/logging/log4j/log4j-api/2.23.1/log4j-api-2.23.1.jar:/home/flpwnix/.m2/repository/org/slf4j/jul-to-slf4j/2.0.16/jul-to-slf4j-2.0.16.jar:/home/flpwnix/.m2/repository/jakarta/annotation/jakarta.annotation-api/2.1.1/jakarta.annotation-api-2.1.1.jar:/home/flpwnix/.m2/repository/org/yaml/snakeyaml/2.2/snakeyaml-2.2.jar:/home/flpwnix/.m2/repository/org/springframework/boot/spring-boot-starter-json/3.3.3/spring-boot-starter-json-3.3.3.jar:/home/flpwnix/.m2/repository/com/fasterxml/jackson/core/jackson-databind/2.17.2/jackson-databind-2.17.2.jar:/home/flpwnix/.m2/repository/com/fasterxml/jackson/core/jackson-annotations/2.17.2/jackson-annotations-2.17.2.jar:/home/flpwnix/.m2/repository/com/fasterxml/jackson/core/jackson-core/2.17.2/jackson-core-2.17.2.jar:/home/flpwnix/.m2/repository/com/fasterxml/jackson/datatype/jackson-datatype-jdk8/2.17.2/jackson-datatype-jdk8-2.17.2.jar:/home/flpwnix/.m2/repository/com/fasterxml/jackson/datatype/jackson-datatype-jsr310/2.17.2/jackson-datatype-jsr310-2.17.2.jar:/home/flpwnix/.m2/repository/com/fasterxml/jackson/module/jackson-module-parameter-names/2.17.2/jackson-module-parameter-names-2.17.2.jar:/home/flpwnix/.m2/repository/org/springframework/boot/spring-boot-starter-tomcat/3.3.3/spring-boot-starter-tomcat-3.3.3.jar:/home/flpwnix/.m2/repository/org/apache/tomcat/embed/tomcat-embed-core/10.1.28/tomcat-embed-core-10.1.28.jar:/home/flpwnix/.m2/repository/org/apache/tomcat/embed/tomcat-embed-el/10.1.28/tomcat-embed-el-10.1.28.jar:/home/flpwnix/.m2/repository/org/apache/tomcat/embed/tomcat-embed-websocket/10.1.28/tomcat-embed-websocket-10.1.28.jar:/home/flpwnix/.m2/repository/org/springframework/spring-web/6.1.12/spring-web-6.1.12.jar:/home/flpwnix/.m2/repository/org/springframework/spring-beans/6.1.12/spring-beans-6.1.12.jar:/home/flpwnix/.m2/repository/io/micrometer/micrometer-observation/1.13.3/micrometer-observation-1.13.3.jar:/home/flpwnix/.m2/repository/io/micrometer/micrometer-commons/1.13.3/micrometer-commons-1.13.3.jar:/home/flpwnix/.m2/repository/org/springframework/spring-webmvc/6.1.12/spring-webmvc-6.1.12.jar:/home/flpwnix/.m2/repository/org/springframework/spring-aop/6.1.12/spring-aop-6.1.12.jar:/home/flpwnix/.m2/repository/org/springframework/spring-context/6.1.12/spring-context-6.1.12.jar:/home/flpwnix/.m2/repository/org/springframework/spring-expression/6.1.12/spring-expression-6.1.12.jar:/home/flpwnix/.m2/repository/org/projectlombok/lombok/1.18.34/lombok-1.18.34.jar:/home/flpwnix/.m2/repository/org/springframework/boot/spring-boot-starter-test/3.3.3/spring-boot-starter-test-3.3.3.jar:/home/flpwnix/.m2/repository/org/springframework/boot/spring-boot-test/3.3.3/spring-boot-test-3.3.3.jar:/home/flpwnix/.m2/repository/org/springframework/boot/spring-boot-test-autoconfigure/3.3.3/spring-boot-test-autoconfigure-3.3.3.jar:/home/flpwnix/.m2/repository/com/jayway/jsonpath/json-path/2.9.0/json-path-2.9.0.jar:/home/flpwnix/.m2/repository/org/slf4j/slf4j-api/2.0.16/slf4j-api-2.0.16.jar:/home/flpwnix/.m2/repository/jakarta/xml/bind/jakarta.xml.bind-api/4.0.2/jakarta.xml.bind-api-4.0.2.jar:/home/flpwnix/.m2/repository/jakarta/activation/jakarta.activation-api/2.1.3/jakarta.activation-api-2.1.3.jar:/home/flpwnix/.m2/repository/net/minidev/json-smart/2.5.1/json-smart-2.5.1.jar:/home/flpwnix/.m2/repository/net/minidev/accessors-smart/2.5.1/accessors-smart-2.5.1.jar:/home/flpwnix/.m2/repository/org/ow2/asm/asm/9.6/asm-9.6.jar:/home/flpwnix/.m2/repository/org/assertj/assertj-core/3.25.3/assertj-core-3.25.3.jar:/home/flpwnix/.m2/repository/net/bytebuddy/byte-buddy/1.14.19/byte-buddy-1.14.19.jar:/home/flpwnix/.m2/repository/org/awaitility/awaitility/4.2.2/awaitility-4.2.2.jar:/home/flpwnix/.m2/repository/org/hamcrest/hamcrest/2.2/hamcrest-2.2.jar:/home/flpwnix/.m2/repository/org/junit/jupiter/junit-jupiter/5.10.3/junit-jupiter-5.10.3.jar:/home/flpwnix/.m2/repository/org/junit/jupiter/junit-jupiter-api/5.10.3/junit-jupiter-api-5.10.3.jar:/home/flpwnix/.m2/repository/org/opentest4j/opentest4j/1.3.0/opentest4j-1.3.0.jar:/home/flpwnix/.m2/repository/org/junit/platform/junit-platform-commons/1.10.3/junit-platform-commons-1.10.3.jar:/home/flpwnix/.m2/repository/org/apiguardian/apiguardian-api/1.1.2/apiguardian-api-1.1.2.jar:/home/flpwnix/.m2/repository/org/junit/jupiter/junit-jupiter-params/5.10.3/junit-jupiter-params-5.10.3.jar:/home/flpwnix/.m2/repository/org/junit/jupiter/junit-jupiter-engine/5.10.3/junit-jupiter-engine-5.10.3.jar:/home/flpwnix/.m2/repository/org/junit/platform/junit-platform-engine/1.10.3/junit-platform-engine-1.10.3.jar:/home/flpwnix/.m2/repository/org/mockito/mockito-core/5.11.0/mockito-core-5.11.0.jar:/home/flpwnix/.m2/repository/net/bytebuddy/byte-buddy-agent/1.14.19/byte-buddy-agent-1.14.19.jar:/home/flpwnix/.m2/repository/org/objenesis/objenesis/3.3/objenesis-3.3.jar:/home/flpwnix/.m2/repository/org/mockito/mockito-junit-jupiter/5.11.0/mockito-junit-jupiter-5.11.0.jar:/home/flpwnix/.m2/repository/org/skyscreamer/jsonassert/1.5.3/jsonassert-1.5.3.jar:/home/flpwnix/.m2/repository/com/vaadin/external/google/android-json/0.0.20131108.vaadin1/android-json-0.0.20131108.vaadin1.jar:/home/flpwnix/.m2/repository/org/springframework/spring-core/6.1.12/spring-core-6.1.12.jar:/home/flpwnix/.m2/repository/org/springframework/spring-jcl/6.1.12/spring-jcl-6.1.12.jar:/home/flpwnix/.m2/repository/org/springframework/spring-test/6.1.12/spring-test-6.1.12.jar:/home/flpwnix/.m2/repository/org/xmlunit/xmlunit-core/2.9.1/xmlunit-core-2.9.1.jar:"/>
    <property name="sun.cpu.endian" value="little"/>
    <property name="user.home" value="/home/flpwnix"/>
    <property name="user.language" value="en"/>
    <property name="java.specification.vendor" value="Oracle Corporation"/>
    <property name="java.version.date" value="2023-07-18"/>
    <property name="java.home" value="/nix/store/yr5065y6vcf380lh7zw982qm35pmlqy8-jetbrains-jdk-jcef-17.0.8-b1000.8/lib/openjdk"/>
    <property name="file.separator" value="/"/>
    <property name="basedir" value="/home/flpwnix/projects/4periodo/atividadeTestes1/atividadeTestes1"/>
    <property name="java.vm.compressedOopsMode" value="32-bit"/>
    <property name="line.separator" value="&#10;"/>
    <property name="java.vm.specification.vendor" value="Oracle Corporation"/>
    <property name="java.specification.name" value="Java Platform API Specification"/>
    <property name="FILE_LOG_CHARSET" value="UTF-8"/>
    <property name="java.awt.headless" value="true"/>
    <property name="jbr.virtualization.information" value="No virtualization detected"/>
    <property name="surefire.real.class.path" value="/home/flpwnix/projects/4periodo/atividadeTestes1/atividadeTestes1/target/surefire/surefirebooter-20240910232318276_3.jar"/>
    <property name="sun.management.compiler" value="HotSpot 64-Bit Tiered Compilers"/>
    <property name="java.runtime.version" value="17.0.8+7-nixos"/>
    <property name="user.name" value="flpwnix"/>
    <property name="path.separator" value=":"/>
    <property name="os.version" value="6.6.43"/>
    <property name="java.runtime.name" value="OpenJDK Runtime Environment"/>
    <property name="file.encoding" value="UTF-8"/>
    <property name="java.vm.name" value="OpenJDK 64-Bit Server VM"/>
    <property name="java.vendor.version" value="JBR-17.0.8+7-1000.8-jcef"/>
    <property name="localRepository" value="/home/flpwnix/.m2/repository"/>
    <property name="java.vendor.url.bug" value="https://bugreport.java.com/bugreport/"/>
    <property name="java.io.tmpdir" value="/tmp"/>
    <property name="java.version" value="17.0.8"/>
    <property name="user.dir" value="/home/flpwnix/projects/4periodo/atividadeTestes1/atividadeTestes1"/>
    <property name="os.arch" value="amd64"/>
    <property name="java.vm.specification.name" value="Java Virtual Machine Specification"/>
    <property name="PID" value="10589"/>
    <property name="CONSOLE_LOG_CHARSET" value="UTF-8"/>
    <property name="native.encoding" value="UTF-8"/>
    <property name="java.library.path" value="/nix/store/v2ny69wp81ch6k4bxmp4lnhh77r0n4h1-zlib-1.3.1/lib:/usr/java/packages/lib:/usr/lib64:/lib64:/lib:/usr/lib"/>
    <property name="java.vm.info" value="mixed mode"/>
    <property name="java.vendor" value="JetBrains s.r.o."/>
    <property name="java.vm.version" value="17.0.8+7-nixos"/>
    <property name="sun.io.unicode.encoding" value="UnicodeLittle"/>
    <property name="java.class.version" value="61.0"/>
    <property name="LOGGED_APPLICATION_NAME" value="[atividadeTestes1Date] "/>
  </properties>
  <testcase name="testSumMethodService" classname="com.atividadeTestes1.atividadeTestes1.AtividadeTestes1ApplicationTests" time="1.575">
    <system-out><![CDATA[23:23:20.425 [main] INFO org.springframework.test.context.support.AnnotationConfigContextLoaderUtils -- Could not detect default configuration classes for test class [com.atividadeTestes1.atividadeTestes1.AtividadeTestes1ApplicationTests]: AtividadeTestes1ApplicationTests does not declare any static, non-private, non-final, nested classes annotated with @Configuration.
23:23:20.690 [main] INFO org.springframework.boot.test.context.SpringBootTestContextBootstrapper -- Found @SpringBootConfiguration com.atividadeTestes1.atividadeTestes1.AtividadeTestes1Application for test class com.atividadeTestes1.atividadeTestes1.AtividadeTestes1ApplicationTests

  .   ____          _            __ _ _
 /\\ / ___'_ __ _ _(_)_ __  __ _ \ \ \ \
( ( )\___ | '_ | '_| | '_ \/ _` | \ \ \ \
 \\/  ___)| |_)| | | | | || (_| |  ) ) ) )
  '  |____| .__|_| |_|_| |_\__, | / / / /
 =========|_|==============|___/=/_/_/_/

 :: Spring Boot ::                (v3.3.3)

2024-09-10T23:23:21.588-03:00  INFO 10589 --- [atividadeTestes1Date] [           main] c.a.a.AtividadeTestes1ApplicationTests   : Starting AtividadeTestes1ApplicationTests using Java 17.0.8 with PID 10589 (started by flpwnix in /home/flpwnix/projects/4periodo/atividadeTestes1/atividadeTestes1)
2024-09-10T23:23:21.592-03:00  INFO 10589 --- [atividadeTestes1Date] [           main] c.a.a.AtividadeTestes1ApplicationTests   : No active profile set, falling back to 1 default profile: "default"
2024-09-10T23:23:23.992-03:00  INFO 10589 --- [atividadeTestes1Date] [           main] c.a.a.AtividadeTestes1ApplicationTests   : Started AtividadeTestes1ApplicationTests in 2.942 seconds (process running for 5.572)
]]></system-out>
  </testcase>
  <testcase name="testAvgMethodService" classname="com.atividadeTestes1.atividadeTestes1.AtividadeTestes1ApplicationTests" time="0.006"/>
  <testcase name="testRepetidosMethodController" classname="com.atividadeTestes1.atividadeTestes1.AtividadeTestes1ApplicationTests" time="0.004"/>
  <testcase name="testAvgMethod" classname="com.atividadeTestes1.atividadeTestes1.AtividadeTestes1ApplicationTests" time="0.005"/>
  <testcase name="testExtremesMethod" classname="com.atividadeTestes1.atividadeTestes1.AtividadeTestes1ApplicationTests" time="0.004"/>
  <testcase name="contextLoads" classname="com.atividadeTestes1.atividadeTestes1.AtividadeTestes1ApplicationTests" time="0.003"/>
  <testcase name="testExtremesMethodService" classname="com.atividadeTestes1.atividadeTestes1.AtividadeTestes1ApplicationTests" time="0.003"/>
  <testcase name="testSumMethod" classname="com.atividadeTestes1.atividadeTestes1.AtividadeTestes1ApplicationTests" time="0.004"/>
</testsuite>